<?xml version="1.0" encoding="UTF-8"?>
<!-- Generated by org.testng.reporters.JUnitReportReporter -->
<testsuite hostname="DESKTOP-2A0OM7J" failures="0" tests="1" name="testcases.ClassTest" time="13.135" errors="0" timestamp="2023-03-22T09:23:45 IST" skipped="0">
  <testcase classname="testcases.ClassTest" name="test1" time="13.135"/>
  <system-out/>
</testsuite> <!-- testcases.ClassTest -->
