<?xml version="1.0" encoding="UTF-8"?>
<!-- Generated by org.testng.reporters.JUnitReportReporter -->
<testsuite hostname="DESKTOP-2A0OM7J" failures="0" tests="1" name="testcases.ClassTest" time="8.165" errors="0" timestamp="2023-03-12T16:09:49 IST" skipped="0">
  <testcase classname="testcases.ClassTest" name="test1" time="8.165"/>
  <system-out/>
</testsuite> <!-- testcases.ClassTest -->
